{"C:\\Users\\alana\\Documents\\node\\projetoSPA\\projeto-disp\\src\\calculation.ts": {"path":"C:\\Users\\alana\\Documents\\node\\projetoSPA\\projeto-disp\\src\\calculation.ts","statementMap":{"0":{"start":{"line":3,"column":0},"end":{"line":3,"column":16}},"1":{"start":{"line":1,"column":0},"end":{"line":1,"column":58}},"2":{"start":{"line":4,"column":24},"end":{"line":4,"column":53}},"3":{"start":{"line":5,"column":4},"end":{"line":8,"column":18}},"4":{"start":{"line":6,"column":8},"end":{"line":6,"column":29}},"5":{"start":{"line":8,"column":9},"end":{"line":8,"column":18}},"6":{"start":{"line":13,"column":4},"end":{"line":13,"column":null}},"7":{"start":{"line":14,"column":4},"end":{"line":14,"column":null}},"8":{"start":{"line":15,"column":4},"end":{"line":15,"column":null}},"9":{"start":{"line":17,"column":4},"end":{"line":17,"column":null}},"10":{"start":{"line":18,"column":4},"end":{"line":18,"column":null}},"11":{"start":{"line":19,"column":4},"end":{"line":19,"column":null}},"12":{"start":{"line":20,"column":4},"end":{"line":20,"column":null}},"13":{"start":{"line":21,"column":4},"end":{"line":21,"column":null}},"14":{"start":{"line":22,"column":4},"end":{"line":22,"column":null}},"15":{"start":{"line":24,"column":4},"end":{"line":24,"column":null}},"16":{"start":{"line":25,"column":4},"end":{"line":25,"column":null}},"17":{"start":{"line":27,"column":4},"end":{"line":27,"column":null}},"18":{"start":{"line":28,"column":4},"end":{"line":28,"column":null}},"19":{"start":{"line":29,"column":4},"end":{"line":29,"column":null}},"20":{"start":{"line":30,"column":4},"end":{"line":30,"column":null}},"21":{"start":{"line":31,"column":4},"end":{"line":31,"column":null}},"22":{"start":{"line":32,"column":4},"end":{"line":32,"column":null}},"23":{"start":{"line":33,"column":4},"end":{"line":33,"column":null}},"24":{"start":{"line":35,"column":4},"end":{"line":35,"column":null}},"25":{"start":{"line":36,"column":4},"end":{"line":36,"column":null}},"26":{"start":{"line":39,"column":8},"end":{"line":39,"column":31}},"27":{"start":{"line":40,"column":8},"end":{"line":40,"column":55}},"28":{"start":{"line":41,"column":8},"end":{"line":41,"column":55}},"29":{"start":{"line":42,"column":8},"end":{"line":42,"column":37}},"30":{"start":{"line":43,"column":8},"end":{"line":43,"column":51}},"31":{"start":{"line":44,"column":8},"end":{"line":44,"column":57}},"32":{"start":{"line":45,"column":8},"end":{"line":45,"column":59}},"33":{"start":{"line":46,"column":8},"end":{"line":46,"column":43}},"34":{"start":{"line":47,"column":8},"end":{"line":47,"column":43}},"35":{"start":{"line":48,"column":8},"end":{"line":48,"column":29}},"36":{"start":{"line":49,"column":8},"end":{"line":49,"column":31}},"37":{"start":{"line":51,"column":8},"end":{"line":51,"column":41}},"38":{"start":{"line":53,"column":8},"end":{"line":53,"column":51}},"39":{"start":{"line":55,"column":8},"end":{"line":61,"column":10}},"40":{"start":{"line":63,"column":8},"end":{"line":69,"column":10}},"41":{"start":{"line":73,"column":19},"end":{"line":73,"column":73}},"42":{"start":{"line":74,"column":18},"end":{"line":74,"column":56}},"43":{"start":{"line":75,"column":17},"end":{"line":75,"column":39}},"44":{"start":{"line":76,"column":8},"end":{"line":76,"column":72}},"45":{"start":{"line":77,"column":8},"end":{"line":77,"column":36}},"46":{"start":{"line":78,"column":8},"end":{"line":78,"column":29}},"47":{"start":{"line":82,"column":8},"end":{"line":84,"column":9}},"48":{"start":{"line":83,"column":12},"end":{"line":83,"column":37}},"49":{"start":{"line":85,"column":8},"end":{"line":85,"column":129}},"50":{"start":{"line":86,"column":8},"end":{"line":86,"column":35}},"51":{"start":{"line":90,"column":8},"end":{"line":98,"column":23}},"52":{"start":{"line":91,"column":12},"end":{"line":91,"column":115}},"53":{"start":{"line":92,"column":12},"end":{"line":92,"column":41}},"54":{"start":{"line":94,"column":13},"end":{"line":98,"column":23}},"55":{"start":{"line":95,"column":12},"end":{"line":95,"column":59}},"56":{"start":{"line":96,"column":12},"end":{"line":96,"column":41}},"57":{"start":{"line":98,"column":13},"end":{"line":98,"column":23}},"58":{"start":{"line":102,"column":8},"end":{"line":104,"column":9}},"59":{"start":{"line":103,"column":12},"end":{"line":103,"column":67}},"60":{"start":{"line":105,"column":8},"end":{"line":105,"column":105}},"61":{"start":{"line":106,"column":8},"end":{"line":106,"column":29}},"62":{"start":{"line":110,"column":8},"end":{"line":113,"column":26}},"63":{"start":{"line":111,"column":12},"end":{"line":111,"column":24}},"64":{"start":{"line":113,"column":13},"end":{"line":113,"column":26}},"65":{"start":{"line":11,"column":0},"end":{"line":11,"column":13}}},"fnMap":{"0":{"name":"calculateSlenderness","decl":{"start":{"line":3,"column":16},"end":{"line":3,"column":36}},"loc":{"start":{"line":3,"column":82},"end":{"line":9,"column":1}}},"1":{"name":"(anonymous_1)","decl":{"start":{"line":38,"column":4},"end":{"line":38,"column":16}},"loc":{"start":{"line":38,"column":326},"end":{"line":70,"column":5}}},"2":{"name":"(anonymous_2)","decl":{"start":{"line":72,"column":4},"end":{"line":72,"column":21}},"loc":{"start":{"line":72,"column":21},"end":{"line":79,"column":5}}},"3":{"name":"(anonymous_3)","decl":{"start":{"line":81,"column":4},"end":{"line":81,"column":27}},"loc":{"start":{"line":81,"column":27},"end":{"line":87,"column":5}}},"4":{"name":"(anonymous_4)","decl":{"start":{"line":89,"column":4},"end":{"line":89,"column":27}},"loc":{"start":{"line":89,"column":27},"end":{"line":99,"column":5}}},"5":{"name":"(anonymous_5)","decl":{"start":{"line":101,"column":4},"end":{"line":101,"column":21}},"loc":{"start":{"line":101,"column":21},"end":{"line":107,"column":5}}},"6":{"name":"(anonymous_6)","decl":{"start":{"line":109,"column":4},"end":{"line":109,"column":35}},"loc":{"start":{"line":109,"column":35},"end":{"line":114,"column":5}}}},"branchMap":{"0":{"loc":{"start":{"line":5,"column":4},"end":{"line":8,"column":18}},"type":"if","locations":[{"start":{"line":5,"column":4},"end":{"line":8,"column":18}},{"start":{"line":8,"column":9},"end":{"line":8,"column":18}}]},"1":{"loc":{"start":{"line":5,"column":8},"end":{"line":5,"column":46}},"type":"binary-expr","locations":[{"start":{"line":5,"column":8},"end":{"line":5,"column":27}},{"start":{"line":5,"column":31},"end":{"line":5,"column":46}}]},"2":{"loc":{"start":{"line":82,"column":8},"end":{"line":84,"column":9}},"type":"if","locations":[{"start":{"line":82,"column":8},"end":{"line":84,"column":9}}]},"3":{"loc":{"start":{"line":90,"column":8},"end":{"line":98,"column":23}},"type":"if","locations":[{"start":{"line":90,"column":8},"end":{"line":98,"column":23}},{"start":{"line":94,"column":13},"end":{"line":98,"column":23}}]},"4":{"loc":{"start":{"line":94,"column":13},"end":{"line":98,"column":23}},"type":"if","locations":[{"start":{"line":94,"column":13},"end":{"line":98,"column":23}},{"start":{"line":98,"column":13},"end":{"line":98,"column":23}}]},"5":{"loc":{"start":{"line":102,"column":8},"end":{"line":104,"column":9}},"type":"if","locations":[{"start":{"line":102,"column":8},"end":{"line":104,"column":9}}]},"6":{"loc":{"start":{"line":110,"column":8},"end":{"line":113,"column":26}},"type":"if","locations":[{"start":{"line":110,"column":8},"end":{"line":113,"column":26}},{"start":{"line":113,"column":13},"end":{"line":113,"column":26}}]}},"s":{"0":1,"1":1,"2":2,"3":2,"4":1,"5":1,"6":8,"7":8,"8":8,"9":8,"10":8,"11":8,"12":8,"13":8,"14":8,"15":8,"16":8,"17":8,"18":8,"19":8,"20":8,"21":8,"22":8,"23":8,"24":8,"25":8,"26":8,"27":8,"28":8,"29":8,"30":8,"31":8,"32":8,"33":8,"34":8,"35":8,"36":8,"37":8,"38":8,"39":8,"40":8,"41":4,"42":4,"43":4,"44":4,"45":4,"46":4,"47":3,"48":1,"49":3,"50":3,"51":6,"52":1,"53":1,"54":5,"55":4,"56":4,"57":1,"58":3,"59":3,"60":3,"61":3,"62":2,"63":1,"64":1,"65":1},"f":{"0":2,"1":8,"2":4,"3":3,"4":6,"5":3,"6":2},"b":{"0":[1,1],"1":[2,1],"2":[1],"3":[1,5],"4":[4,1],"5":[3],"6":[1,1]}}
,"C:\\Users\\alana\\Documents\\node\\projetoSPA\\projeto-disp\\src\\utils\\interpolation.ts": {"path":"C:\\Users\\alana\\Documents\\node\\projetoSPA\\projeto-disp\\src\\utils\\interpolation.ts","statementMap":{"0":{"start":{"line":1,"column":0},"end":{"line":1,"column":16}},"1":{"start":{"line":2,"column":21},"end":{"line":2,"column":22}},"2":{"start":{"line":3,"column":4},"end":{"line":3,"column":46}},"3":{"start":{"line":4,"column":4},"end":{"line":4,"column":13}}},"fnMap":{"0":{"name":"interpolateNumbers","decl":{"start":{"line":1,"column":16},"end":{"line":1,"column":34}},"loc":{"start":{"line":1,"column":93},"end":{"line":5,"column":1}}}},"branchMap":{},"s":{"0":2,"1":10,"2":10,"3":10},"f":{"0":10},"b":{}}
,"C:\\Users\\alana\\Documents\\node\\projetoSPA\\projeto-disp\\src\\utils\\strouhalCalculation.ts": {"path":"C:\\Users\\alana\\Documents\\node\\projetoSPA\\projeto-disp\\src\\utils\\strouhalCalculation.ts","statementMap":{"0":{"start":{"line":3,"column":0},"end":{"line":3,"column":16}},"1":{"start":{"line":1,"column":0},"end":{"line":1,"column":53}},"2":{"start":{"line":4,"column":26},"end":{"line":4,"column":42}},"3":{"start":{"line":5,"column":21},"end":{"line":5,"column":22}},"4":{"start":{"line":7,"column":4},"end":{"line":84,"column":5}},"5":{"start":{"line":8,"column":8},"end":{"line":8,"column":20}},"6":{"start":{"line":11,"column":9},"end":{"line":84,"column":5}},"7":{"start":{"line":12,"column":8},"end":{"line":17,"column":9}},"8":{"start":{"line":13,"column":12},"end":{"line":13,"column":24}},"9":{"start":{"line":15,"column":13},"end":{"line":17,"column":9}},"10":{"start":{"line":16,"column":12},"end":{"line":16,"column":24}},"11":{"start":{"line":20,"column":9},"end":{"line":84,"column":5}},"12":{"start":{"line":21,"column":8},"end":{"line":40,"column":9}},"13":{"start":{"line":23,"column":16},"end":{"line":23,"column":29}},"14":{"start":{"line":25,"column":16},"end":{"line":25,"column":74}},"15":{"start":{"line":26,"column":16},"end":{"line":26,"column":25}},"16":{"start":{"line":28,"column":16},"end":{"line":28,"column":29}},"17":{"start":{"line":30,"column":16},"end":{"line":30,"column":76}},"18":{"start":{"line":31,"column":16},"end":{"line":31,"column":25}},"19":{"start":{"line":33,"column":16},"end":{"line":33,"column":76}},"20":{"start":{"line":34,"column":16},"end":{"line":34,"column":25}},"21":{"start":{"line":36,"column":16},"end":{"line":36,"column":75}},"22":{"start":{"line":37,"column":16},"end":{"line":37,"column":25}},"23":{"start":{"line":39,"column":16},"end":{"line":39,"column":28}},"24":{"start":{"line":43,"column":9},"end":{"line":84,"column":5}},"25":{"start":{"line":44,"column":8},"end":{"line":60,"column":9}},"26":{"start":{"line":45,"column":12},"end":{"line":56,"column":13}},"27":{"start":{"line":47,"column":20},"end":{"line":47,"column":32}},"28":{"start":{"line":49,"column":20},"end":{"line":49,"column":80}},"29":{"start":{"line":50,"column":20},"end":{"line":50,"column":29}},"30":{"start":{"line":52,"column":20},"end":{"line":52,"column":80}},"31":{"start":{"line":53,"column":20},"end":{"line":53,"column":29}},"32":{"start":{"line":55,"column":20},"end":{"line":55,"column":32}},"33":{"start":{"line":58,"column":13},"end":{"line":60,"column":9}},"34":{"start":{"line":59,"column":12},"end":{"line":59,"column":24}},"35":{"start":{"line":63,"column":9},"end":{"line":84,"column":5}},"36":{"start":{"line":64,"column":8},"end":{"line":64,"column":20}},"37":{"start":{"line":67,"column":9},"end":{"line":84,"column":5}},"38":{"start":{"line":68,"column":8},"end":{"line":79,"column":9}},"39":{"start":{"line":70,"column":16},"end":{"line":70,"column":28}},"40":{"start":{"line":72,"column":16},"end":{"line":72,"column":76}},"41":{"start":{"line":73,"column":16},"end":{"line":73,"column":25}},"42":{"start":{"line":75,"column":16},"end":{"line":75,"column":74}},"43":{"start":{"line":76,"column":16},"end":{"line":76,"column":25}},"44":{"start":{"line":78,"column":20},"end":{"line":78,"column":32}},"45":{"start":{"line":82,"column":9},"end":{"line":84,"column":5}},"46":{"start":{"line":83,"column":8},"end":{"line":83,"column":20}},"47":{"start":{"line":86,"column":4},"end":{"line":86,"column":13}}},"fnMap":{"0":{"name":"calculateST","decl":{"start":{"line":3,"column":16},"end":{"line":3,"column":27}},"loc":{"start":{"line":3,"column":110},"end":{"line":87,"column":1}}}},"branchMap":{"0":{"loc":{"start":{"line":7,"column":4},"end":{"line":84,"column":5}},"type":"if","locations":[{"start":{"line":7,"column":4},"end":{"line":84,"column":5}},{"start":{"line":11,"column":9},"end":{"line":84,"column":5}}]},"1":{"loc":{"start":{"line":11,"column":9},"end":{"line":84,"column":5}},"type":"if","locations":[{"start":{"line":11,"column":9},"end":{"line":84,"column":5}},{"start":{"line":20,"column":9},"end":{"line":84,"column":5}}]},"2":{"loc":{"start":{"line":12,"column":8},"end":{"line":17,"column":9}},"type":"if","locations":[{"start":{"line":12,"column":8},"end":{"line":17,"column":9}},{"start":{"line":15,"column":13},"end":{"line":17,"column":9}}]},"3":{"loc":{"start":{"line":15,"column":13},"end":{"line":17,"column":9}},"type":"if","locations":[{"start":{"line":15,"column":13},"end":{"line":17,"column":9}}]},"4":{"loc":{"start":{"line":20,"column":9},"end":{"line":84,"column":5}},"type":"if","locations":[{"start":{"line":20,"column":9},"end":{"line":84,"column":5}},{"start":{"line":43,"column":9},"end":{"line":84,"column":5}}]},"5":{"loc":{"start":{"line":21,"column":8},"end":{"line":40,"column":9}},"type":"switch","locations":[{"start":{"line":22,"column":12},"end":{"line":23,"column":29}},{"start":{"line":24,"column":12},"end":{"line":26,"column":25}},{"start":{"line":27,"column":12},"end":{"line":28,"column":29}},{"start":{"line":29,"column":12},"end":{"line":31,"column":25}},{"start":{"line":32,"column":12},"end":{"line":34,"column":25}},{"start":{"line":35,"column":12},"end":{"line":37,"column":25}},{"start":{"line":38,"column":12},"end":{"line":39,"column":28}}]},"6":{"loc":{"start":{"line":24,"column":18},"end":{"line":24,"column":61}},"type":"binary-expr","locations":[{"start":{"line":24,"column":18},"end":{"line":24,"column":38}},{"start":{"line":24,"column":42},"end":{"line":24,"column":61}}]},"7":{"loc":{"start":{"line":27,"column":18},"end":{"line":27,"column":61}},"type":"binary-expr","locations":[{"start":{"line":27,"column":18},"end":{"line":27,"column":38}},{"start":{"line":27,"column":42},"end":{"line":27,"column":61}}]},"8":{"loc":{"start":{"line":29,"column":18},"end":{"line":29,"column":63}},"type":"binary-expr","locations":[{"start":{"line":29,"column":18},"end":{"line":29,"column":38}},{"start":{"line":29,"column":42},"end":{"line":29,"column":63}}]},"9":{"loc":{"start":{"line":32,"column":18},"end":{"line":32,"column":63}},"type":"binary-expr","locations":[{"start":{"line":32,"column":18},"end":{"line":32,"column":40}},{"start":{"line":32,"column":44},"end":{"line":32,"column":63}}]},"10":{"loc":{"start":{"line":35,"column":18},"end":{"line":35,"column":62}},"type":"binary-expr","locations":[{"start":{"line":35,"column":18},"end":{"line":35,"column":38}},{"start":{"line":35,"column":42},"end":{"line":35,"column":62}}]},"11":{"loc":{"start":{"line":43,"column":9},"end":{"line":84,"column":5}},"type":"if","locations":[{"start":{"line":43,"column":9},"end":{"line":84,"column":5}},{"start":{"line":63,"column":9},"end":{"line":84,"column":5}}]},"12":{"loc":{"start":{"line":44,"column":8},"end":{"line":60,"column":9}},"type":"if","locations":[{"start":{"line":44,"column":8},"end":{"line":60,"column":9}},{"start":{"line":58,"column":13},"end":{"line":60,"column":9}}]},"13":{"loc":{"start":{"line":45,"column":12},"end":{"line":56,"column":13}},"type":"switch","locations":[{"start":{"line":46,"column":16},"end":{"line":47,"column":32}},{"start":{"line":48,"column":16},"end":{"line":50,"column":29}},{"start":{"line":51,"column":16},"end":{"line":53,"column":29}},{"start":{"line":54,"column":16},"end":{"line":55,"column":32}}]},"14":{"loc":{"start":{"line":48,"column":22},"end":{"line":48,"column":67}},"type":"binary-expr","locations":[{"start":{"line":48,"column":22},"end":{"line":48,"column":42}},{"start":{"line":48,"column":46},"end":{"line":48,"column":67}}]},"15":{"loc":{"start":{"line":51,"column":22},"end":{"line":51,"column":67}},"type":"binary-expr","locations":[{"start":{"line":51,"column":22},"end":{"line":51,"column":44}},{"start":{"line":51,"column":48},"end":{"line":51,"column":67}}]},"16":{"loc":{"start":{"line":58,"column":13},"end":{"line":60,"column":9}},"type":"if","locations":[{"start":{"line":58,"column":13},"end":{"line":60,"column":9}}]},"17":{"loc":{"start":{"line":63,"column":9},"end":{"line":84,"column":5}},"type":"if","locations":[{"start":{"line":63,"column":9},"end":{"line":84,"column":5}},{"start":{"line":67,"column":9},"end":{"line":84,"column":5}}]},"18":{"loc":{"start":{"line":67,"column":9},"end":{"line":84,"column":5}},"type":"if","locations":[{"start":{"line":67,"column":9},"end":{"line":84,"column":5}},{"start":{"line":82,"column":9},"end":{"line":84,"column":5}}]},"19":{"loc":{"start":{"line":68,"column":8},"end":{"line":79,"column":9}},"type":"switch","locations":[{"start":{"line":69,"column":12},"end":{"line":70,"column":28}},{"start":{"line":71,"column":12},"end":{"line":73,"column":25}},{"start":{"line":74,"column":12},"end":{"line":76,"column":25}},{"start":{"line":77,"column":12},"end":{"line":78,"column":32}}]},"20":{"loc":{"start":{"line":71,"column":18},"end":{"line":71,"column":63}},"type":"binary-expr","locations":[{"start":{"line":71,"column":18},"end":{"line":71,"column":40}},{"start":{"line":71,"column":44},"end":{"line":71,"column":63}}]},"21":{"loc":{"start":{"line":74,"column":18},"end":{"line":74,"column":61}},"type":"binary-expr","locations":[{"start":{"line":74,"column":18},"end":{"line":74,"column":38}},{"start":{"line":74,"column":42},"end":{"line":74,"column":61}}]},"22":{"loc":{"start":{"line":82,"column":9},"end":{"line":84,"column":5}},"type":"if","locations":[{"start":{"line":82,"column":9},"end":{"line":84,"column":5}}]}},"s":{"0":2,"1":2,"2":24,"3":24,"4":24,"5":1,"6":23,"7":2,"8":1,"9":1,"10":1,"11":21,"12":9,"13":1,"14":2,"15":2,"16":1,"17":1,"18":1,"19":2,"20":2,"21":1,"22":1,"23":1,"24":12,"25":5,"26":4,"27":1,"28":1,"29":1,"30":1,"31":1,"32":1,"33":1,"34":1,"35":7,"36":1,"37":6,"38":4,"39":1,"40":1,"41":1,"42":1,"43":1,"44":1,"45":2,"46":1,"47":1},"f":{"0":24},"b":{"0":[1,23],"1":[2,21],"2":[1,1],"3":[1],"4":[9,12],"5":[1,2,1,1,2,1,1],"6":[8,8],"7":[6,6],"8":[5,5],"9":[4,4],"10":[2,2],"11":[5,7],"12":[4,1],"13":[1,1,1,1],"14":[3,3],"15":[2,2],"16":[1],"17":[1,6],"18":[4,2],"19":[1,1,1,1],"20":[3,3],"21":[2,2],"22":[1]}}
}
