TN:
SF:src\calculation.ts
FN:3,calculateSlenderness
FN:38,(anonymous_1)
FN:72,(anonymous_2)
FN:81,(anonymous_3)
FN:89,(anonymous_4)
FN:101,(anonymous_5)
FN:109,(anonymous_6)
FNF:7
FNH:7
FNDA:2,calculateSlenderness
FNDA:8,(anonymous_1)
FNDA:4,(anonymous_2)
FNDA:3,(anonymous_3)
FNDA:6,(anonymous_4)
FNDA:3,(anonymous_5)
FNDA:2,(anonymous_6)
DA:1,1
DA:3,1
DA:4,2
DA:5,2
DA:6,1
DA:8,1
DA:11,1
DA:13,8
DA:14,8
DA:15,8
DA:17,8
DA:18,8
DA:19,8
DA:20,8
DA:21,8
DA:22,8
DA:24,8
DA:25,8
DA:27,8
DA:28,8
DA:29,8
DA:30,8
DA:31,8
DA:32,8
DA:33,8
DA:35,8
DA:36,8
DA:39,8
DA:40,8
DA:41,8
DA:42,8
DA:43,8
DA:44,8
DA:45,8
DA:46,8
DA:47,8
DA:48,8
DA:49,8
DA:51,8
DA:53,8
DA:55,8
DA:63,8
DA:73,4
DA:74,4
DA:75,4
DA:76,4
DA:77,4
DA:78,4
DA:82,3
DA:83,1
DA:85,3
DA:86,3
DA:90,6
DA:91,1
DA:92,1
DA:94,5
DA:95,4
DA:96,4
DA:98,1
DA:102,3
DA:103,3
DA:105,3
DA:106,3
DA:110,2
DA:111,1
DA:113,1
LF:66
LH:66
BRDA:5,0,0,1
BRDA:5,0,1,1
BRDA:5,1,0,2
BRDA:5,1,1,1
BRDA:82,2,0,1
BRDA:90,3,0,1
BRDA:90,3,1,5
BRDA:94,4,0,4
BRDA:94,4,1,1
BRDA:102,5,0,3
BRDA:110,6,0,1
BRDA:110,6,1,1
BRF:12
BRH:12
end_of_record
TN:
SF:src\utils\interpolation.ts
FN:1,interpolateNumbers
FNF:1
FNH:1
FNDA:10,interpolateNumbers
DA:1,2
DA:2,10
DA:3,10
DA:4,10
LF:4
LH:4
BRF:0
BRH:0
end_of_record
TN:
SF:src\utils\strouhalCalculation.ts
FN:3,calculateST
FNF:1
FNH:1
FNDA:24,calculateST
DA:1,2
DA:3,2
DA:4,24
DA:5,24
DA:7,24
DA:8,1
DA:11,23
DA:12,2
DA:13,1
DA:15,1
DA:16,1
DA:20,21
DA:21,9
DA:23,1
DA:25,2
DA:26,2
DA:28,1
DA:30,1
DA:31,1
DA:33,2
DA:34,2
DA:36,1
DA:37,1
DA:39,1
DA:43,12
DA:44,5
DA:45,4
DA:47,1
DA:49,1
DA:50,1
DA:52,1
DA:53,1
DA:55,1
DA:58,1
DA:59,1
DA:63,7
DA:64,1
DA:67,6
DA:68,4
DA:70,1
DA:72,1
DA:73,1
DA:75,1
DA:76,1
DA:78,1
DA:82,2
DA:83,1
DA:86,1
LF:48
LH:48
BRDA:7,0,0,1
BRDA:7,0,1,23
BRDA:11,1,0,2
BRDA:11,1,1,21
BRDA:12,2,0,1
BRDA:12,2,1,1
BRDA:15,3,0,1
BRDA:20,4,0,9
BRDA:20,4,1,12
BRDA:21,5,0,1
BRDA:21,5,1,2
BRDA:21,5,2,1
BRDA:21,5,3,1
BRDA:21,5,4,2
BRDA:21,5,5,1
BRDA:21,5,6,1
BRDA:24,6,0,8
BRDA:24,6,1,8
BRDA:27,7,0,6
BRDA:27,7,1,6
BRDA:29,8,0,5
BRDA:29,8,1,5
BRDA:32,9,0,4
BRDA:32,9,1,4
BRDA:35,10,0,2
BRDA:35,10,1,2
BRDA:43,11,0,5
BRDA:43,11,1,7
BRDA:44,12,0,4
BRDA:44,12,1,1
BRDA:45,13,0,1
BRDA:45,13,1,1
BRDA:45,13,2,1
BRDA:45,13,3,1
BRDA:48,14,0,3
BRDA:48,14,1,3
BRDA:51,15,0,2
BRDA:51,15,1,2
BRDA:58,16,0,1
BRDA:63,17,0,1
BRDA:63,17,1,6
BRDA:67,18,0,4
BRDA:67,18,1,2
BRDA:68,19,0,1
BRDA:68,19,1,1
BRDA:68,19,2,1
BRDA:68,19,3,1
BRDA:71,20,0,3
BRDA:71,20,1,3
BRDA:74,21,0,2
BRDA:74,21,1,2
BRDA:82,22,0,1
BRF:52
BRH:52
end_of_record
